
> automated-api-testing@1.0.0 test:bdd
> npx cucumber-js tests/bdd/features/**/*.feature --require tests/bdd/step-definitions/**/*.js --require tests/bdd/support/**/*.js --format json:artifacts/logs/bdd-report.json

Starting BDD tests...
Attempting to load configuration from: /app/config/environments/development.yaml
Loaded configuration from /app/config/environments/development.yaml
BASE_URL set to: http://localhost:1234/api/dev
API_KEY set from /app/config/environments/development.yaml.

Starting scenario: Registrar múltiplos usuários dinâmicos a partir de arquivo
.Carregados 5 usuários do arquivo /app/tests/data/generated/dynamic-users.json
.
Iniciando processamento de registro simulado para usuários dinâmicos:
  [SIMULAÇÃO] Registrando usuário:
    ID: 7929f650-e993-4f1f-a770-9ae9e318f907
    Username: Julia.Maggio61
    Email: Antonietta74@yahoo.com
    Nome: Louie Luettgen
    Telefone: 422-599-4430 x00720
    Empresa: Howe - Satterfield
    Destino: POST /api/users/register (simulado)
  [SIMULAÇÃO] Registrando usuário:
    ID: 03e954a3-2ed5-4756-a2fe-1d2d8bf707b6
    Username: Larue94
    Email: Pansy53@hotmail.com
    Nome: Ellsworth Pfannerstill
    Telefone: 581-359-8065 x2433
    Empresa: Cummerata Inc
    Destino: POST /api/users/register (simulado)
  [SIMULAÇÃO] Registrando usuário:
    ID: 4c65c1fb-f4ae-494d-b744-1eeff5a6a880
    Username: Carlos_Zemlak84
    Email: Elissa_Graham8@yahoo.com
    Nome: Kip Ruecker
    Telefone: (843) 953-1938 x3986
    Empresa: Marks Inc
    Destino: POST /api/users/register (simulado)
  [SIMULAÇÃO] Registrando usuário:
    ID: 9293ae43-c3ac-4a86-a88e-3a15fa3a8d12
    Username: Sheldon77
    Email: Ramona.Simonis@yahoo.com
    Nome: Emery West
    Telefone: 1-399-643-8395 x6122
    Empresa: Quitzon, Ferry and Bashirian
    Destino: POST /api/users/register (simulado)
  [SIMULAÇÃO] Registrando usuário:
    ID: a9196a0a-7097-42c1-9897-b25730895ce9
    Username: Hugh.Osinski
    Email: Lou.McCullough@gmail.com
    Nome: Isaias Kub
    Telefone: (291) 261-1660 x847
    Empresa: Schuster, Halvorson and Miller
    Destino: POST /api/users/register (simulado)
.
Verificando status de processamento dos registros:
  [VERIFICAÇÃO] Registro simulado para o usuário "Julia.Maggio61" foi processado.
  [VERIFICAÇÃO] Registro simulado para o usuário "Larue94" foi processado.
  [VERIFICAÇÃO] Registro simulado para o usuário "Carlos_Zemlak84" foi processado.
  [VERIFICAÇÃO] Registro simulado para o usuário "Sheldon77" foi processado.
  [VERIFICAÇÃO] Registro simulado para o usuário "Hugh.Osinski" foi processado.
Total de 5 registros de usuários dinâmicos processados e verificados.
.Finished scenario: Registrar múltiplos usuários dinâmicos a partir de arquivo - Status: PASSED
--------------------------------------------------
.
Starting scenario: Successful User Registration
..Mock POST to /users/register with data: {
  name: 'Test User',
  email: 'testuser@example.com',
  password: 'password123'
}
...Finished scenario: Successful User Registration - Status: PASSED
--------------------------------------------------
.
Starting scenario: Successful User Login
..Mock POST to /users/login with data: { email: 'registered@example.com', password: 'password123' }
...Finished scenario: Successful User Login - Status: PASSED
--------------------------------------------------
.BDD tests completed.


3 scenarios (3 passed)
11 steps (11 passed)
0m00.067s (executing steps: 0m00.010s)
